[0.081s] DEBUG:colcon:Command line arguments: ['/usr/bin/colcon', 'list', '-p', '--base-paths', '/home/ashmu/ws_ros2']
[0.081s] DEBUG:colcon:Parsed command line arguments: Namespace(log_base=None, log_level=None, verb_name='list', build_base='build', ignore_user_meta=False, metas=['./colcon.meta'], base_paths=['/home/ashmu/ws_ros2'], packages_ignore=None, packages_ignore_regex=None, paths=None, packages_up_to=None, packages_up_to_regex=None, packages_above=None, packages_above_and_dependencies=None, packages_above_depth=None, packages_select_by_dep=None, packages_skip_by_dep=None, packages_skip_up_to=None, packages_select_build_failed=False, packages_skip_build_finished=False, packages_select_test_failures=False, packages_skip_test_passed=False, packages_select=None, packages_skip=None, packages_select_regex=None, packages_skip_regex=None, packages_start=None, packages_end=None, allow_overriding=[], topological_order=False, names_only=False, paths_only=True, topological_graph=False, topological_graph_dot=False, topological_graph_density=False, topological_graph_legend=False, topological_graph_dot_cluster=False, topological_graph_dot_include_skipped=False, verb_parser=<colcon_defaults.argument_parser.defaults.DefaultArgumentsDecorator object at 0x744b7519faf0>, verb_extension=<colcon_package_information.verb.list.ListVerb object at 0x744b7519eec0>, main=<bound method ListVerb.main of <colcon_package_information.verb.list.ListVerb object at 0x744b7519eec0>>)
[0.189s] Level 1:colcon.colcon_core.package_discovery:discover_packages(colcon_meta) check parameters
[0.189s] Level 1:colcon.colcon_core.package_discovery:discover_packages(recursive) check parameters
[0.189s] Level 1:colcon.colcon_core.package_discovery:discover_packages(ignore) check parameters
[0.189s] Level 1:colcon.colcon_core.package_discovery:discover_packages(path) check parameters
[0.189s] Level 1:colcon.colcon_core.package_discovery:discover_packages(recursive) discover
[0.190s] INFO:colcon.colcon_core.package_discovery:Crawling recursively for packages in '/home/ashmu/ws_ros2'
[0.190s] Level 1:colcon.colcon_core.package_identification:_identify(/home/ashmu/ws_ros2) by extensions ['ignore', 'ignore_ament_install']
[0.190s] Level 1:colcon.colcon_core.package_identification:_identify(/home/ashmu/ws_ros2) by extension 'ignore'
[0.190s] Level 1:colcon.colcon_core.package_identification:_identify(/home/ashmu/ws_ros2) by extension 'ignore_ament_install'
[0.190s] Level 1:colcon.colcon_core.package_identification:_identify(/home/ashmu/ws_ros2) by extensions ['colcon_pkg']
[0.190s] Level 1:colcon.colcon_core.package_identification:_identify(/home/ashmu/ws_ros2) by extension 'colcon_pkg'
[0.190s] Level 1:colcon.colcon_core.package_identification:_identify(/home/ashmu/ws_ros2) by extensions ['colcon_meta']
[0.190s] Level 1:colcon.colcon_core.package_identification:_identify(/home/ashmu/ws_ros2) by extension 'colcon_meta'
[0.190s] Level 1:colcon.colcon_core.package_identification:_identify(/home/ashmu/ws_ros2) by extensions ['ros']
[0.190s] Level 1:colcon.colcon_core.package_identification:_identify(/home/ashmu/ws_ros2) by extension 'ros'
[0.198s] Level 1:colcon.colcon_core.package_identification:_identify(/home/ashmu/ws_ros2) by extensions ['cmake', 'python']
[0.198s] Level 1:colcon.colcon_core.package_identification:_identify(/home/ashmu/ws_ros2) by extension 'cmake'
[0.198s] Level 1:colcon.colcon_core.package_identification:_identify(/home/ashmu/ws_ros2) by extension 'python'
[0.198s] Level 1:colcon.colcon_core.package_identification:_identify(/home/ashmu/ws_ros2) by extensions ['python_setup_py']
[0.198s] Level 1:colcon.colcon_core.package_identification:_identify(/home/ashmu/ws_ros2) by extension 'python_setup_py'
[0.198s] Level 1:colcon.colcon_core.package_identification:_identify(/home/ashmu/ws_ros2/build) by extensions ['ignore', 'ignore_ament_install']
[0.198s] Level 1:colcon.colcon_core.package_identification:_identify(/home/ashmu/ws_ros2/build) by extension 'ignore'
[0.198s] Level 1:colcon.colcon_core.package_identification:_identify(/home/ashmu/ws_ros2/build) ignored
[0.199s] Level 1:colcon.colcon_core.package_identification:_identify(/home/ashmu/ws_ros2/install) by extensions ['ignore', 'ignore_ament_install']
[0.199s] Level 1:colcon.colcon_core.package_identification:_identify(/home/ashmu/ws_ros2/install) by extension 'ignore'
[0.199s] Level 1:colcon.colcon_core.package_identification:_identify(/home/ashmu/ws_ros2/install) ignored
[0.199s] Level 1:colcon.colcon_core.package_identification:_identify(/home/ashmu/ws_ros2/log) by extensions ['ignore', 'ignore_ament_install']
[0.199s] Level 1:colcon.colcon_core.package_identification:_identify(/home/ashmu/ws_ros2/log) by extension 'ignore'
[0.199s] Level 1:colcon.colcon_core.package_identification:_identify(/home/ashmu/ws_ros2/log) ignored
[0.199s] Level 1:colcon.colcon_core.package_identification:_identify(/home/ashmu/ws_ros2/src) by extensions ['ignore', 'ignore_ament_install']
[0.199s] Level 1:colcon.colcon_core.package_identification:_identify(/home/ashmu/ws_ros2/src) by extension 'ignore'
[0.199s] Level 1:colcon.colcon_core.package_identification:_identify(/home/ashmu/ws_ros2/src) by extension 'ignore_ament_install'
[0.199s] Level 1:colcon.colcon_core.package_identification:_identify(/home/ashmu/ws_ros2/src) by extensions ['colcon_pkg']
[0.199s] Level 1:colcon.colcon_core.package_identification:_identify(/home/ashmu/ws_ros2/src) by extension 'colcon_pkg'
[0.199s] Level 1:colcon.colcon_core.package_identification:_identify(/home/ashmu/ws_ros2/src) by extensions ['colcon_meta']
[0.199s] Level 1:colcon.colcon_core.package_identification:_identify(/home/ashmu/ws_ros2/src) by extension 'colcon_meta'
[0.199s] Level 1:colcon.colcon_core.package_identification:_identify(/home/ashmu/ws_ros2/src) by extensions ['ros']
[0.199s] Level 1:colcon.colcon_core.package_identification:_identify(/home/ashmu/ws_ros2/src) by extension 'ros'
[0.199s] Level 1:colcon.colcon_core.package_identification:_identify(/home/ashmu/ws_ros2/src) by extensions ['cmake', 'python']
[0.199s] Level 1:colcon.colcon_core.package_identification:_identify(/home/ashmu/ws_ros2/src) by extension 'cmake'
[0.199s] Level 1:colcon.colcon_core.package_identification:_identify(/home/ashmu/ws_ros2/src) by extension 'python'
[0.199s] Level 1:colcon.colcon_core.package_identification:_identify(/home/ashmu/ws_ros2/src) by extensions ['python_setup_py']
[0.199s] Level 1:colcon.colcon_core.package_identification:_identify(/home/ashmu/ws_ros2/src) by extension 'python_setup_py'
[0.199s] Level 1:colcon.colcon_core.package_identification:_identify(/home/ashmu/ws_ros2/src/ur3e_controller) by extensions ['ignore', 'ignore_ament_install']
[0.199s] Level 1:colcon.colcon_core.package_identification:_identify(/home/ashmu/ws_ros2/src/ur3e_controller) by extension 'ignore'
[0.199s] Level 1:colcon.colcon_core.package_identification:_identify(/home/ashmu/ws_ros2/src/ur3e_controller) by extension 'ignore_ament_install'
[0.199s] Level 1:colcon.colcon_core.package_identification:_identify(/home/ashmu/ws_ros2/src/ur3e_controller) by extensions ['colcon_pkg']
[0.199s] Level 1:colcon.colcon_core.package_identification:_identify(/home/ashmu/ws_ros2/src/ur3e_controller) by extension 'colcon_pkg'
[0.199s] Level 1:colcon.colcon_core.package_identification:_identify(/home/ashmu/ws_ros2/src/ur3e_controller) by extensions ['colcon_meta']
[0.199s] Level 1:colcon.colcon_core.package_identification:_identify(/home/ashmu/ws_ros2/src/ur3e_controller) by extension 'colcon_meta'
[0.199s] Level 1:colcon.colcon_core.package_identification:_identify(/home/ashmu/ws_ros2/src/ur3e_controller) by extensions ['ros']
[0.199s] Level 1:colcon.colcon_core.package_identification:_identify(/home/ashmu/ws_ros2/src/ur3e_controller) by extension 'ros'
[0.201s] DEBUG:colcon.colcon_core.package_identification:Failed to parse potential ROS package manifest in'/home/ashmu/ws_ros2/src/ur3e_controller': Error(s) in package '/home/ashmu/ws_ros2/src/ur3e_controller/package.xml':
Error(s):
- The generic dependency on 'rclpy' is redundant with: exec_depend
[0.201s] Level 1:colcon.colcon_core.package_identification:_identify(/home/ashmu/ws_ros2/src/ur3e_controller) by extensions ['cmake', 'python']
[0.201s] Level 1:colcon.colcon_core.package_identification:_identify(/home/ashmu/ws_ros2/src/ur3e_controller) by extension 'cmake'
[0.202s] Level 1:colcon.colcon_core.package_identification:_identify(/home/ashmu/ws_ros2/src/ur3e_controller) by extension 'python'
[0.202s] DEBUG:colcon.colcon_core.package_identification:Python package in '/home/ashmu/ws_ros2/src/ur3e_controller' passes arguments to the setup() function which requires a different identification extension than 'python'
[0.202s] DEBUG:colcon.colcon_core.package_identification:Package '/home/ashmu/ws_ros2/src/ur3e_controller' with type 'cmake' and name 'ur3e_controller'
[0.202s] Level 1:colcon.colcon_core.package_discovery:discover_packages(recursive) using defaults
