[0.010s] Invoking command in '/home/ashmu/ws_ros2/build/ur3e_controller': /usr/bin/cmake /home/ashmu/ws_ros2/src/ur3e_controller -DCMAKE_INSTALL_PREFIX=/home/ashmu/ws_ros2/install/ur3e_controller
[0.069s] -- The C compiler identification is GNU 11.4.0
[0.126s] -- The CXX compiler identification is GNU 11.4.0
[0.136s] -- Detecting C compiler ABI info
[0.208s] -- Detecting C compiler ABI info - done
[0.214s] -- Check for working C compiler: /usr/bin/cc - skipped
[0.215s] -- Detecting C compile features
[0.215s] -- Detecting C compile features - done
[0.217s] -- Detecting CXX compiler ABI info
[0.303s] -- Detecting CXX compiler ABI info - done
[0.310s] -- Check for working CXX compiler: /usr/bin/c++ - skipped
[0.310s] -- Detecting CXX compile features
[0.310s] -- Detecting CXX compile features - done
[0.313s] -- Found ament_cmake: 1.3.11 (/opt/ros/humble/share/ament_cmake/cmake)
[0.436s] -- Found Python3: /usr/bin/python3 (found version "3.10.12") found components: Interpreter 
[0.500s] -- Found rclpy: 3.3.15 (/opt/ros/humble/share/rclpy/cmake)
[0.508s] [31mCMake Error at CMakeLists.txt:10 (find_package):
[0.508s]   By not providing "Findmoveit_commander.cmake" in CMAKE_MODULE_PATH this
[0.508s]   project has asked CMake to find a package configuration file provided by
[0.509s]   "moveit_commander", but CMake did not find one.
[0.509s] 
[0.509s]   Could not find a package configuration file provided by "moveit_commander"
[0.509s]   with any of the following names:
[0.509s] 
[0.509s]     moveit_commanderConfig.cmake
[0.509s]     moveit_commander-config.cmake
[0.509s] 
[0.509s]   Add the installation prefix of "moveit_commander" to CMAKE_PREFIX_PATH or
[0.509s]   set "moveit_commander_DIR" to a directory containing one of the above
[0.509s]   files.  If "moveit_commander" provides a separate development package or
[0.509s]   SDK, be sure it has been installed.
[0.509s] 
[0.510s] [0m
[0.510s] -- Configuring incomplete, errors occurred!
[0.510s] See also "/home/ashmu/ws_ros2/build/ur3e_controller/CMakeFiles/CMakeOutput.log".
[0.512s] Invoked command in '/home/ashmu/ws_ros2/build/ur3e_controller' returned '1': /usr/bin/cmake /home/ashmu/ws_ros2/src/ur3e_controller -DCMAKE_INSTALL_PREFIX=/home/ashmu/ws_ros2/install/ur3e_controller
