[0.011s] Invoking command in '/home/ashmu/ws_ros2/build/moveit_common': CMAKE_PREFIX_PATH=/opt/ros/humble /usr/bin/cmake /home/ashmu/ws_ros2/src/moveit2/moveit_common -DCMAKE_INSTALL_PREFIX=/home/ashmu/ws_ros2/install/moveit_common
[0.165s] -- Found ament_cmake: 1.3.11 (/opt/ros/humble/share/ament_cmake/cmake)
[0.165s] -- Override CMake install command with custom implementation using symlinks instead of copying resources
[0.167s] -- Configuring done
[0.169s] -- Generating done
[0.171s] -- Build files have been written to: /home/ashmu/ws_ros2/build/moveit_common
[0.173s] Invoked command in '/home/ashmu/ws_ros2/build/moveit_common' returned '0': CMAKE_PREFIX_PATH=/opt/ros/humble /usr/bin/cmake /home/ashmu/ws_ros2/src/moveit2/moveit_common -DCMAKE_INSTALL_PREFIX=/home/ashmu/ws_ros2/install/moveit_common
[0.174s] Invoking command in '/home/ashmu/ws_ros2/build/moveit_common': CMAKE_PREFIX_PATH=/opt/ros/humble /usr/bin/cmake --build /home/ashmu/ws_ros2/build/moveit_common -- -j12 -l12
[0.211s] Invoked command in '/home/ashmu/ws_ros2/build/moveit_common' returned '0': CMAKE_PREFIX_PATH=/opt/ros/humble /usr/bin/cmake --build /home/ashmu/ws_ros2/build/moveit_common -- -j12 -l12
[0.221s] Invoking command in '/home/ashmu/ws_ros2/build/moveit_common': CMAKE_PREFIX_PATH=/opt/ros/humble /usr/bin/cmake --install /home/ashmu/ws_ros2/build/moveit_common
[0.229s] -- Install configuration: ""
[0.229s] -- Execute custom install script
[0.229s] -- Up-to-date symlink: /home/ashmu/ws_ros2/install/moveit_common/share/ament_index/resource_index/package_run_dependencies/moveit_common
[0.230s] -- Up-to-date symlink: /home/ashmu/ws_ros2/install/moveit_common/share/ament_index/resource_index/parent_prefix_path/moveit_common
[0.230s] -- Up-to-date symlink: /home/ashmu/ws_ros2/install/moveit_common/share/moveit_common/environment/ament_prefix_path.sh
[0.230s] -- Up-to-date symlink: /home/ashmu/ws_ros2/install/moveit_common/share/moveit_common/environment/ament_prefix_path.dsv
[0.230s] -- Up-to-date symlink: /home/ashmu/ws_ros2/install/moveit_common/share/moveit_common/environment/path.sh
[0.230s] -- Up-to-date symlink: /home/ashmu/ws_ros2/install/moveit_common/share/moveit_common/environment/path.dsv
[0.230s] -- Up-to-date symlink: /home/ashmu/ws_ros2/install/moveit_common/share/moveit_common/local_setup.bash
[0.230s] -- Up-to-date symlink: /home/ashmu/ws_ros2/install/moveit_common/share/moveit_common/local_setup.sh
[0.230s] -- Up-to-date symlink: /home/ashmu/ws_ros2/install/moveit_common/share/moveit_common/local_setup.zsh
[0.230s] -- Up-to-date symlink: /home/ashmu/ws_ros2/install/moveit_common/share/moveit_common/local_setup.dsv
[0.230s] -- Symlinking: /home/ashmu/ws_ros2/install/moveit_common/share/moveit_common/package.dsv
[0.240s] -- Up-to-date symlink: /home/ashmu/ws_ros2/install/moveit_common/share/ament_index/resource_index/packages/moveit_common
[0.240s] -- Up-to-date symlink: /home/ashmu/ws_ros2/install/moveit_common/share/moveit_common/cmake/moveit_common-extras.cmake
[0.241s] -- Up-to-date symlink: /home/ashmu/ws_ros2/install/moveit_common/share/moveit_common/cmake/moveit_commonConfig.cmake
[0.241s] -- Up-to-date symlink: /home/ashmu/ws_ros2/install/moveit_common/share/moveit_common/cmake/moveit_commonConfig-version.cmake
[0.241s] -- Up-to-date symlink: /home/ashmu/ws_ros2/install/moveit_common/share/moveit_common/package.xml
[0.241s] -- Up-to-date symlink: /home/ashmu/ws_ros2/install/moveit_common/share/moveit_common/cmake/moveit_package.cmake
[0.243s] Invoked command in '/home/ashmu/ws_ros2/build/moveit_common' returned '0': CMAKE_PREFIX_PATH=/opt/ros/humble /usr/bin/cmake --install /home/ashmu/ws_ros2/build/moveit_common
