[0.014s] Invoking command in '/home/ashmu/ws_ros2/build/moveit_common': CMAKE_PREFIX_PATH=/opt/ros/humble /usr/bin/cmake /home/ashmu/ws_ros2/src/moveit2/moveit_common -DAMENT_CMAKE_SYMLINK_INSTALL=1 -DCMAKE_INSTALL_PREFIX=/home/ashmu/ws_ros2/install/moveit_common
[0.198s] -- Found ament_cmake: 1.3.11 (/opt/ros/humble/share/ament_cmake/cmake)
[0.198s] -- Found Python3: /usr/bin/python3 (found version "3.10.12") found components: Interpreter 
[0.255s] -- Override CMake install command with custom implementation using symlinks instead of copying resources
[0.343s] -- Configuring done
[0.345s] -- Generating done
[0.347s] -- Build files have been written to: /home/ashmu/ws_ros2/build/moveit_common
[0.349s] Invoked command in '/home/ashmu/ws_ros2/build/moveit_common' returned '0': CMAKE_PREFIX_PATH=/opt/ros/humble /usr/bin/cmake /home/ashmu/ws_ros2/src/moveit2/moveit_common -DAMENT_CMAKE_SYMLINK_INSTALL=1 -DCMAKE_INSTALL_PREFIX=/home/ashmu/ws_ros2/install/moveit_common
[0.351s] Invoking command in '/home/ashmu/ws_ros2/build/moveit_common': CMAKE_PREFIX_PATH=/opt/ros/humble /usr/bin/cmake --build /home/ashmu/ws_ros2/build/moveit_common -- -j12 -l12
[0.398s] Invoked command in '/home/ashmu/ws_ros2/build/moveit_common' returned '0': CMAKE_PREFIX_PATH=/opt/ros/humble /usr/bin/cmake --build /home/ashmu/ws_ros2/build/moveit_common -- -j12 -l12
[0.411s] Invoking command in '/home/ashmu/ws_ros2/build/moveit_common': CMAKE_PREFIX_PATH=/opt/ros/humble /usr/bin/cmake --install /home/ashmu/ws_ros2/build/moveit_common
[0.419s] -- Install configuration: ""
[0.420s] -- Execute custom install script
[0.420s] -- Symlinking: /home/ashmu/ws_ros2/install/moveit_common/share/ament_index/resource_index/package_run_dependencies/moveit_common
[0.431s] -- Symlinking: /home/ashmu/ws_ros2/install/moveit_common/share/ament_index/resource_index/parent_prefix_path/moveit_common
[0.440s] -- Symlinking: /home/ashmu/ws_ros2/install/moveit_common/share/moveit_common/environment/ament_prefix_path.sh
[0.449s] -- Symlinking: /home/ashmu/ws_ros2/install/moveit_common/share/moveit_common/environment/ament_prefix_path.dsv
[0.458s] -- Symlinking: /home/ashmu/ws_ros2/install/moveit_common/share/moveit_common/environment/path.sh
[0.467s] -- Symlinking: /home/ashmu/ws_ros2/install/moveit_common/share/moveit_common/environment/path.dsv
[0.480s] -- Symlinking: /home/ashmu/ws_ros2/install/moveit_common/share/moveit_common/local_setup.bash
[0.492s] -- Symlinking: /home/ashmu/ws_ros2/install/moveit_common/share/moveit_common/local_setup.sh
[0.504s] -- Symlinking: /home/ashmu/ws_ros2/install/moveit_common/share/moveit_common/local_setup.zsh
[0.516s] -- Symlinking: /home/ashmu/ws_ros2/install/moveit_common/share/moveit_common/local_setup.dsv
[0.528s] -- Symlinking: /home/ashmu/ws_ros2/install/moveit_common/share/moveit_common/package.dsv
[0.540s] -- Symlinking: /home/ashmu/ws_ros2/install/moveit_common/share/ament_index/resource_index/packages/moveit_common
[0.552s] -- Symlinking: /home/ashmu/ws_ros2/install/moveit_common/share/moveit_common/cmake/moveit_common-extras.cmake
[0.565s] -- Symlinking: /home/ashmu/ws_ros2/install/moveit_common/share/moveit_common/cmake/moveit_commonConfig.cmake
[0.576s] -- Symlinking: /home/ashmu/ws_ros2/install/moveit_common/share/moveit_common/cmake/moveit_commonConfig-version.cmake
[0.587s] -- Symlinking: /home/ashmu/ws_ros2/install/moveit_common/share/moveit_common/package.xml
[0.599s] -- Symlinking: /home/ashmu/ws_ros2/install/moveit_common/share/moveit_common/cmake/moveit_package.cmake
[0.614s] Invoked command in '/home/ashmu/ws_ros2/build/moveit_common' returned '0': CMAKE_PREFIX_PATH=/opt/ros/humble /usr/bin/cmake --install /home/ashmu/ws_ros2/build/moveit_common
