running egg_info
writing ../../build/ur3e_controller/ur3e_controller.egg-info/PKG-INFO
writing dependency_links to ../../build/ur3e_controller/ur3e_controller.egg-info/dependency_links.txt
writing entry points to ../../build/ur3e_controller/ur3e_controller.egg-info/entry_points.txt
writing requirements to ../../build/ur3e_controller/ur3e_controller.egg-info/requires.txt
writing top-level names to ../../build/ur3e_controller/ur3e_controller.egg-info/top_level.txt
file ur3e_controller/ur3e_control.py (for module ur3e_controller.ur3e_control) not found
reading manifest file '../../build/ur3e_controller/ur3e_controller.egg-info/SOURCES.txt'
writing manifest file '../../build/ur3e_controller/ur3e_controller.egg-info/SOURCES.txt'
running build
running build_py
file ur3e_controller/ur3e_control.py (for module ur3e_controller.ur3e_control) not found
running install
file ur3e_controller/ur3e_control.py (for module ur3e_controller.ur3e_control) not found
running install_lib
running install_egg_info
removing '/home/ashmu/ws_ros2/install/ur3e_controller/lib/python3.10/site-packages/ur3e_controller-0.0.1-py3.10.egg-info' (and everything under it)
Copying ../../build/ur3e_controller/ur3e_controller.egg-info to /home/ashmu/ws_ros2/install/ur3e_controller/lib/python3.10/site-packages/ur3e_controller-0.0.1-py3.10.egg-info
running install_scripts
Installing ur3e_control script to /home/ashmu/ws_ros2/install/ur3e_controller/lib/ur3e_controller
file ur3e_controller/ur3e_control.py (for module ur3e_controller.ur3e_control) not found
writing list of installed files to '/home/ashmu/ws_ros2/build/ur3e_controller/install.log'
