running egg_info
creating ../../build/ur3e_controller/ur3e_controller.egg-info
writing ../../build/ur3e_controller/ur3e_controller.egg-info/PKG-INFO
writing dependency_links to ../../build/ur3e_controller/ur3e_controller.egg-info/dependency_links.txt
writing entry points to ../../build/ur3e_controller/ur3e_controller.egg-info/entry_points.txt
writing requirements to ../../build/ur3e_controller/ur3e_controller.egg-info/requires.txt
writing top-level names to ../../build/ur3e_controller/ur3e_controller.egg-info/top_level.txt
writing manifest file '../../build/ur3e_controller/ur3e_controller.egg-info/SOURCES.txt'
reading manifest file '../../build/ur3e_controller/ur3e_controller.egg-info/SOURCES.txt'
writing manifest file '../../build/ur3e_controller/ur3e_controller.egg-info/SOURCES.txt'
running build
running build_py
creating /home/ashmu/ws_ros2/build/ur3e_controller/build
creating /home/ashmu/ws_ros2/build/ur3e_controller/build/lib
creating /home/ashmu/ws_ros2/build/ur3e_controller/build/lib/ur3e_controller
copying ur3e_controller/__init__.py -> /home/ashmu/ws_ros2/build/ur3e_controller/build/lib/ur3e_controller
running install
running install_lib
creating /home/ashmu/ws_ros2/install/ur3e_controller/lib/python3.10/site-packages/ur3e_controller
copying /home/ashmu/ws_ros2/build/ur3e_controller/build/lib/ur3e_controller/__init__.py -> /home/ashmu/ws_ros2/install/ur3e_controller/lib/python3.10/site-packages/ur3e_controller
byte-compiling /home/ashmu/ws_ros2/install/ur3e_controller/lib/python3.10/site-packages/ur3e_controller/__init__.py to __init__.cpython-310.pyc
running install_data
creating /home/ashmu/ws_ros2/install/ur3e_controller/share/ament_index
creating /home/ashmu/ws_ros2/install/ur3e_controller/share/ament_index/resource_index
creating /home/ashmu/ws_ros2/install/ur3e_controller/share/ament_index/resource_index/packages
copying resource/ur3e_controller -> /home/ashmu/ws_ros2/install/ur3e_controller/share/ament_index/resource_index/packages
copying package.xml -> /home/ashmu/ws_ros2/install/ur3e_controller/share/ur3e_controller
running install_egg_info
Copying ../../build/ur3e_controller/ur3e_controller.egg-info to /home/ashmu/ws_ros2/install/ur3e_controller/lib/python3.10/site-packages/ur3e_controller-0.0.0-py3.10.egg-info
running install_scripts
writing list of installed files to '/home/ashmu/ws_ros2/build/ur3e_controller/install.log'
