[0.599s] Invoking command in '/home/ashmu/ws_ros2/src/ur3e_controller': PYTHONPATH=/home/ashmu/ws_ros2/build/ur3e_controller/prefix_override:/usr/lib/python3/dist-packages/colcon_core/task/python/colcon_distutils_commands:/home/ashmu/ws_ros2/install/ur3e_controller/lib/python3.10/site-packages:${PYTHONPATH} /usr/bin/python3 -W ignore:setup.py install is deprecated -W ignore:easy_install command is deprecated setup.py egg_info --egg-base ../../build/ur3e_controller build --build-base /home/ashmu/ws_ros2/build/ur3e_controller/build install --record /home/ashmu/ws_ros2/build/ur3e_controller/install.log --single-version-externally-managed install_data
[0.744s] running egg_info
[0.744s] creating ../../build/ur3e_controller/ur3e_controller.egg-info
[0.744s] writing ../../build/ur3e_controller/ur3e_controller.egg-info/PKG-INFO
[0.744s] writing dependency_links to ../../build/ur3e_controller/ur3e_controller.egg-info/dependency_links.txt
[0.744s] writing entry points to ../../build/ur3e_controller/ur3e_controller.egg-info/entry_points.txt
[0.744s] writing requirements to ../../build/ur3e_controller/ur3e_controller.egg-info/requires.txt
[0.744s] writing top-level names to ../../build/ur3e_controller/ur3e_controller.egg-info/top_level.txt
[0.744s] writing manifest file '../../build/ur3e_controller/ur3e_controller.egg-info/SOURCES.txt'
[0.745s] reading manifest file '../../build/ur3e_controller/ur3e_controller.egg-info/SOURCES.txt'
[0.746s] writing manifest file '../../build/ur3e_controller/ur3e_controller.egg-info/SOURCES.txt'
[0.746s] running build
[0.746s] running build_py
[0.746s] creating /home/ashmu/ws_ros2/build/ur3e_controller/build
[0.746s] creating /home/ashmu/ws_ros2/build/ur3e_controller/build/lib
[0.746s] creating /home/ashmu/ws_ros2/build/ur3e_controller/build/lib/ur3e_controller
[0.746s] copying ur3e_controller/__init__.py -> /home/ashmu/ws_ros2/build/ur3e_controller/build/lib/ur3e_controller
[0.746s] running install
[0.746s] running install_lib
[0.747s] creating /home/ashmu/ws_ros2/install/ur3e_controller/lib/python3.10/site-packages/ur3e_controller
[0.747s] copying /home/ashmu/ws_ros2/build/ur3e_controller/build/lib/ur3e_controller/__init__.py -> /home/ashmu/ws_ros2/install/ur3e_controller/lib/python3.10/site-packages/ur3e_controller
[0.747s] byte-compiling /home/ashmu/ws_ros2/install/ur3e_controller/lib/python3.10/site-packages/ur3e_controller/__init__.py to __init__.cpython-310.pyc
[0.747s] running install_data
[0.747s] creating /home/ashmu/ws_ros2/install/ur3e_controller/share/ament_index
[0.747s] creating /home/ashmu/ws_ros2/install/ur3e_controller/share/ament_index/resource_index
[0.747s] creating /home/ashmu/ws_ros2/install/ur3e_controller/share/ament_index/resource_index/packages
[0.747s] copying resource/ur3e_controller -> /home/ashmu/ws_ros2/install/ur3e_controller/share/ament_index/resource_index/packages
[0.748s] copying package.xml -> /home/ashmu/ws_ros2/install/ur3e_controller/share/ur3e_controller
[0.748s] running install_egg_info
[0.749s] Copying ../../build/ur3e_controller/ur3e_controller.egg-info to /home/ashmu/ws_ros2/install/ur3e_controller/lib/python3.10/site-packages/ur3e_controller-0.0.0-py3.10.egg-info
[0.749s] running install_scripts
[0.763s] writing list of installed files to '/home/ashmu/ws_ros2/build/ur3e_controller/install.log'
[0.781s] Invoked command in '/home/ashmu/ws_ros2/src/ur3e_controller' returned '0': PYTHONPATH=/home/ashmu/ws_ros2/build/ur3e_controller/prefix_override:/usr/lib/python3/dist-packages/colcon_core/task/python/colcon_distutils_commands:/home/ashmu/ws_ros2/install/ur3e_controller/lib/python3.10/site-packages:${PYTHONPATH} /usr/bin/python3 -W ignore:setup.py install is deprecated -W ignore:easy_install command is deprecated setup.py egg_info --egg-base ../../build/ur3e_controller build --build-base /home/ashmu/ws_ros2/build/ur3e_controller/build install --record /home/ashmu/ws_ros2/build/ur3e_controller/install.log --single-version-externally-managed install_data
