[0.380s] Invoking command in '/home/ashmu/ws_ros2/src/ur3e_controller': PYTHONPATH=/home/ashmu/ws_ros2/build/ur3e_controller/prefix_override:/usr/lib/python3/dist-packages/colcon_core/task/python/colcon_distutils_commands:/home/ashmu/ws_ros2/install/ur3e_controller/lib/python3.10/site-packages:${PYTHONPATH} /usr/bin/python3 -W ignore:setup.py install is deprecated -W ignore:easy_install command is deprecated setup.py egg_info --egg-base ../../build/ur3e_controller build --build-base /home/ashmu/ws_ros2/build/ur3e_controller/build install --record /home/ashmu/ws_ros2/build/ur3e_controller/install.log --single-version-externally-managed
[0.515s] running egg_info
[0.515s] writing ../../build/ur3e_controller/ur3e_controller.egg-info/PKG-INFO
[0.515s] writing dependency_links to ../../build/ur3e_controller/ur3e_controller.egg-info/dependency_links.txt
[0.515s] writing entry points to ../../build/ur3e_controller/ur3e_controller.egg-info/entry_points.txt
[0.515s] writing requirements to ../../build/ur3e_controller/ur3e_controller.egg-info/requires.txt
[0.515s] writing top-level names to ../../build/ur3e_controller/ur3e_controller.egg-info/top_level.txt
[0.516s] file ur3e_controller/ur3e_control.py (for module ur3e_controller.ur3e_control) not found
[0.516s] reading manifest file '../../build/ur3e_controller/ur3e_controller.egg-info/SOURCES.txt'
[0.517s] writing manifest file '../../build/ur3e_controller/ur3e_controller.egg-info/SOURCES.txt'
[0.517s] running build
[0.517s] running build_py
[0.517s] file ur3e_controller/ur3e_control.py (for module ur3e_controller.ur3e_control) not found
[0.517s] running install
[0.517s] file ur3e_controller/ur3e_control.py (for module ur3e_controller.ur3e_control) not found
[0.517s] running install_lib
[0.518s] running install_egg_info
[0.519s] removing '/home/ashmu/ws_ros2/install/ur3e_controller/lib/python3.10/site-packages/ur3e_controller-0.0.1-py3.10.egg-info' (and everything under it)
[0.519s] Copying ../../build/ur3e_controller/ur3e_controller.egg-info to /home/ashmu/ws_ros2/install/ur3e_controller/lib/python3.10/site-packages/ur3e_controller-0.0.1-py3.10.egg-info
[0.520s] running install_scripts
[0.534s] Installing ur3e_control script to /home/ashmu/ws_ros2/install/ur3e_controller/lib/ur3e_controller
[0.535s] file ur3e_controller/ur3e_control.py (for module ur3e_controller.ur3e_control) not found
[0.535s] writing list of installed files to '/home/ashmu/ws_ros2/build/ur3e_controller/install.log'
[0.552s] Invoked command in '/home/ashmu/ws_ros2/src/ur3e_controller' returned '0': PYTHONPATH=/home/ashmu/ws_ros2/build/ur3e_controller/prefix_override:/usr/lib/python3/dist-packages/colcon_core/task/python/colcon_distutils_commands:/home/ashmu/ws_ros2/install/ur3e_controller/lib/python3.10/site-packages:${PYTHONPATH} /usr/bin/python3 -W ignore:setup.py install is deprecated -W ignore:easy_install command is deprecated setup.py egg_info --egg-base ../../build/ur3e_controller build --build-base /home/ashmu/ws_ros2/build/ur3e_controller/build install --record /home/ashmu/ws_ros2/build/ur3e_controller/install.log --single-version-externally-managed
