[0.514s] Invoking command in '/home/ashmu/ws_ros2/build/moveit_configs_utils': PYTHONPATH=/home/ashmu/ws_ros2/build/moveit_configs_utils/prefix_override:/usr/lib/python3/dist-packages/colcon_core/task/python/colcon_distutils_commands:/home/ashmu/ws_ros2/install/moveit_configs_utils/lib/python3.10/site-packages:${PYTHONPATH} /usr/bin/python3 -W ignore:setup.py install is deprecated -W ignore:easy_install command is deprecated setup.py develop --editable --build-directory /home/ashmu/ws_ros2/build/moveit_configs_utils/build --no-deps symlink_data
[0.743s] running develop
[0.856s] running egg_info
[0.856s] creating moveit_configs_utils.egg-info
[0.856s] writing moveit_configs_utils.egg-info/PKG-INFO
[0.856s] writing dependency_links to moveit_configs_utils.egg-info/dependency_links.txt
[0.856s] writing entry points to moveit_configs_utils.egg-info/entry_points.txt
[0.856s] writing requirements to moveit_configs_utils.egg-info/requires.txt
[0.856s] writing top-level names to moveit_configs_utils.egg-info/top_level.txt
[0.857s] writing manifest file 'moveit_configs_utils.egg-info/SOURCES.txt'
[0.858s] reading manifest file 'moveit_configs_utils.egg-info/SOURCES.txt'
[0.859s] writing manifest file 'moveit_configs_utils.egg-info/SOURCES.txt'
[0.860s] running build_ext
[0.860s] Creating /home/ashmu/ws_ros2/install/moveit_configs_utils/lib/python3.10/site-packages/moveit-configs-utils.egg-link (link to .)
[0.861s] 
[0.861s] Installed /home/ashmu/ws_ros2/build/moveit_configs_utils
[0.861s] running symlink_data
[0.861s] creating /home/ashmu/ws_ros2/install/moveit_configs_utils/share/ament_index
[0.861s] creating /home/ashmu/ws_ros2/install/moveit_configs_utils/share/ament_index/resource_index
[0.861s] creating /home/ashmu/ws_ros2/install/moveit_configs_utils/share/ament_index/resource_index/packages
[0.861s] symbolically linking /home/ashmu/ws_ros2/build/moveit_configs_utils/resource/moveit_configs_utils -> /home/ashmu/ws_ros2/install/moveit_configs_utils/share/ament_index/resource_index/packages
[0.861s] symbolically linking /home/ashmu/ws_ros2/build/moveit_configs_utils/package.xml -> /home/ashmu/ws_ros2/install/moveit_configs_utils/share/moveit_configs_utils
[0.861s] creating /home/ashmu/ws_ros2/install/moveit_configs_utils/share/moveit_configs_utils/default_configs
[0.861s] symbolically linking /home/ashmu/ws_ros2/build/moveit_configs_utils/default_configs/ompl_planning.yaml -> /home/ashmu/ws_ros2/install/moveit_configs_utils/share/moveit_configs_utils/default_configs
[0.861s] symbolically linking /home/ashmu/ws_ros2/build/moveit_configs_utils/default_configs/chomp_planning.yaml -> /home/ashmu/ws_ros2/install/moveit_configs_utils/share/moveit_configs_utils/default_configs
[0.861s] symbolically linking /home/ashmu/ws_ros2/build/moveit_configs_utils/default_configs/stomp_planning.yaml -> /home/ashmu/ws_ros2/install/moveit_configs_utils/share/moveit_configs_utils/default_configs
[0.861s] symbolically linking /home/ashmu/ws_ros2/build/moveit_configs_utils/default_configs/pilz_industrial_motion_planner_planning.yaml -> /home/ashmu/ws_ros2/install/moveit_configs_utils/share/moveit_configs_utils/default_configs
[0.862s] symbolically linking /home/ashmu/ws_ros2/build/moveit_configs_utils/default_configs/ompl_defaults.yaml -> /home/ashmu/ws_ros2/install/moveit_configs_utils/share/moveit_configs_utils/default_configs
[0.891s] Invoked command in '/home/ashmu/ws_ros2/build/moveit_configs_utils' returned '0': PYTHONPATH=/home/ashmu/ws_ros2/build/moveit_configs_utils/prefix_override:/usr/lib/python3/dist-packages/colcon_core/task/python/colcon_distutils_commands:/home/ashmu/ws_ros2/install/moveit_configs_utils/lib/python3.10/site-packages:${PYTHONPATH} /usr/bin/python3 -W ignore:setup.py install is deprecated -W ignore:easy_install command is deprecated setup.py develop --editable --build-directory /home/ashmu/ws_ros2/build/moveit_configs_utils/build --no-deps symlink_data
