[0.412s] Invoking command in '/home/ashmu/ws_ros2/build/moveit_configs_utils': PYTHONPATH=/home/ashmu/ws_ros2/build/moveit_configs_utils/prefix_override:/usr/lib/python3/dist-packages/colcon_core/task/python/colcon_distutils_commands:/home/ashmu/ws_ros2/install/moveit_configs_utils/lib/python3.10/site-packages:${PYTHONPATH} /usr/bin/python3 -W ignore:setup.py install is deprecated -W ignore:easy_install command is deprecated setup.py develop --uninstall --editable --build-directory /home/ashmu/ws_ros2/build/moveit_configs_utils/build
[0.575s] running develop
[0.665s] Removing /home/ashmu/ws_ros2/install/moveit_configs_utils/lib/python3.10/site-packages/moveit-configs-utils.egg-link (link to .)
[0.685s] Invoked command in '/home/ashmu/ws_ros2/build/moveit_configs_utils' returned '0': PYTHONPATH=/home/ashmu/ws_ros2/build/moveit_configs_utils/prefix_override:/usr/lib/python3/dist-packages/colcon_core/task/python/colcon_distutils_commands:/home/ashmu/ws_ros2/install/moveit_configs_utils/lib/python3.10/site-packages:${PYTHONPATH} /usr/bin/python3 -W ignore:setup.py install is deprecated -W ignore:easy_install command is deprecated setup.py develop --uninstall --editable --build-directory /home/ashmu/ws_ros2/build/moveit_configs_utils/build
[0.687s] Invoking command in '/home/ashmu/ws_ros2/src/moveit2/moveit_configs_utils': PYTHONPATH=/home/ashmu/ws_ros2/build/moveit_configs_utils/prefix_override:/usr/lib/python3/dist-packages/colcon_core/task/python/colcon_distutils_commands:/home/ashmu/ws_ros2/install/moveit_configs_utils/lib/python3.10/site-packages:${PYTHONPATH} /usr/bin/python3 -W ignore:setup.py install is deprecated -W ignore:easy_install command is deprecated setup.py egg_info --egg-base ../../../build/moveit_configs_utils build --build-base /home/ashmu/ws_ros2/build/moveit_configs_utils/build install --record /home/ashmu/ws_ros2/build/moveit_configs_utils/install.log --single-version-externally-managed install_data --force
[0.835s] running egg_info
[0.835s] writing ../../../build/moveit_configs_utils/moveit_configs_utils.egg-info/PKG-INFO
[0.835s] writing dependency_links to ../../../build/moveit_configs_utils/moveit_configs_utils.egg-info/dependency_links.txt
[0.836s] writing entry points to ../../../build/moveit_configs_utils/moveit_configs_utils.egg-info/entry_points.txt
[0.836s] writing requirements to ../../../build/moveit_configs_utils/moveit_configs_utils.egg-info/requires.txt
[0.836s] writing top-level names to ../../../build/moveit_configs_utils/moveit_configs_utils.egg-info/top_level.txt
[0.837s] reading manifest file '../../../build/moveit_configs_utils/moveit_configs_utils.egg-info/SOURCES.txt'
[0.838s] writing manifest file '../../../build/moveit_configs_utils/moveit_configs_utils.egg-info/SOURCES.txt'
[0.838s] running build
[0.838s] running build_py
[0.838s] creating /home/ashmu/ws_ros2/build/moveit_configs_utils/build
[0.838s] creating /home/ashmu/ws_ros2/build/moveit_configs_utils/build/lib
[0.838s] creating /home/ashmu/ws_ros2/build/moveit_configs_utils/build/lib/moveit_configs_utils
[0.838s] copying moveit_configs_utils/moveit_configs_builder.py -> /home/ashmu/ws_ros2/build/moveit_configs_utils/build/lib/moveit_configs_utils
[0.838s] copying moveit_configs_utils/__init__.py -> /home/ashmu/ws_ros2/build/moveit_configs_utils/build/lib/moveit_configs_utils
[0.838s] copying moveit_configs_utils/launch_utils.py -> /home/ashmu/ws_ros2/build/moveit_configs_utils/build/lib/moveit_configs_utils
[0.838s] copying moveit_configs_utils/launches.py -> /home/ashmu/ws_ros2/build/moveit_configs_utils/build/lib/moveit_configs_utils
[0.838s] creating /home/ashmu/ws_ros2/build/moveit_configs_utils/build/lib/moveit_configs_utils/substitutions
[0.838s] copying moveit_configs_utils/substitutions/xacro.py -> /home/ashmu/ws_ros2/build/moveit_configs_utils/build/lib/moveit_configs_utils/substitutions
[0.838s] copying moveit_configs_utils/substitutions/__init__.py -> /home/ashmu/ws_ros2/build/moveit_configs_utils/build/lib/moveit_configs_utils/substitutions
[0.839s] running install
[0.839s] running install_lib
[0.839s] creating /home/ashmu/ws_ros2/install/moveit_configs_utils/lib/python3.10/site-packages/moveit_configs_utils
[0.840s] copying /home/ashmu/ws_ros2/build/moveit_configs_utils/build/lib/moveit_configs_utils/moveit_configs_builder.py -> /home/ashmu/ws_ros2/install/moveit_configs_utils/lib/python3.10/site-packages/moveit_configs_utils
[0.840s] creating /home/ashmu/ws_ros2/install/moveit_configs_utils/lib/python3.10/site-packages/moveit_configs_utils/substitutions
[0.840s] copying /home/ashmu/ws_ros2/build/moveit_configs_utils/build/lib/moveit_configs_utils/substitutions/xacro.py -> /home/ashmu/ws_ros2/install/moveit_configs_utils/lib/python3.10/site-packages/moveit_configs_utils/substitutions
[0.840s] copying /home/ashmu/ws_ros2/build/moveit_configs_utils/build/lib/moveit_configs_utils/substitutions/__init__.py -> /home/ashmu/ws_ros2/install/moveit_configs_utils/lib/python3.10/site-packages/moveit_configs_utils/substitutions
[0.840s] copying /home/ashmu/ws_ros2/build/moveit_configs_utils/build/lib/moveit_configs_utils/__init__.py -> /home/ashmu/ws_ros2/install/moveit_configs_utils/lib/python3.10/site-packages/moveit_configs_utils
[0.840s] copying /home/ashmu/ws_ros2/build/moveit_configs_utils/build/lib/moveit_configs_utils/launch_utils.py -> /home/ashmu/ws_ros2/install/moveit_configs_utils/lib/python3.10/site-packages/moveit_configs_utils
[0.840s] copying /home/ashmu/ws_ros2/build/moveit_configs_utils/build/lib/moveit_configs_utils/launches.py -> /home/ashmu/ws_ros2/install/moveit_configs_utils/lib/python3.10/site-packages/moveit_configs_utils
[0.840s] byte-compiling /home/ashmu/ws_ros2/install/moveit_configs_utils/lib/python3.10/site-packages/moveit_configs_utils/moveit_configs_builder.py to moveit_configs_builder.cpython-310.pyc
[0.842s] byte-compiling /home/ashmu/ws_ros2/install/moveit_configs_utils/lib/python3.10/site-packages/moveit_configs_utils/substitutions/xacro.py to xacro.cpython-310.pyc
[0.843s] byte-compiling /home/ashmu/ws_ros2/install/moveit_configs_utils/lib/python3.10/site-packages/moveit_configs_utils/substitutions/__init__.py to __init__.cpython-310.pyc
[0.843s] byte-compiling /home/ashmu/ws_ros2/install/moveit_configs_utils/lib/python3.10/site-packages/moveit_configs_utils/__init__.py to __init__.cpython-310.pyc
[0.843s] byte-compiling /home/ashmu/ws_ros2/install/moveit_configs_utils/lib/python3.10/site-packages/moveit_configs_utils/launch_utils.py to launch_utils.cpython-310.pyc
[0.843s] byte-compiling /home/ashmu/ws_ros2/install/moveit_configs_utils/lib/python3.10/site-packages/moveit_configs_utils/launches.py to launches.cpython-310.pyc
[0.844s] running install_data
[0.844s] copying resource/moveit_configs_utils -> /home/ashmu/ws_ros2/install/moveit_configs_utils/share/ament_index/resource_index/packages
[0.844s] copying package.xml -> /home/ashmu/ws_ros2/install/moveit_configs_utils/share/moveit_configs_utils
[0.844s] copying default_configs/ompl_planning.yaml -> /home/ashmu/ws_ros2/install/moveit_configs_utils/share/moveit_configs_utils/default_configs
[0.845s] copying default_configs/chomp_planning.yaml -> /home/ashmu/ws_ros2/install/moveit_configs_utils/share/moveit_configs_utils/default_configs
[0.845s] copying default_configs/stomp_planning.yaml -> /home/ashmu/ws_ros2/install/moveit_configs_utils/share/moveit_configs_utils/default_configs
[0.845s] copying default_configs/pilz_industrial_motion_planner_planning.yaml -> /home/ashmu/ws_ros2/install/moveit_configs_utils/share/moveit_configs_utils/default_configs
[0.845s] copying default_configs/ompl_defaults.yaml -> /home/ashmu/ws_ros2/install/moveit_configs_utils/share/moveit_configs_utils/default_configs
[0.845s] running install_egg_info
[0.846s] Copying ../../../build/moveit_configs_utils/moveit_configs_utils.egg-info to /home/ashmu/ws_ros2/install/moveit_configs_utils/lib/python3.10/site-packages/moveit_configs_utils-2.13.0-py3.10.egg-info
[0.847s] running install_scripts
[0.862s] writing list of installed files to '/home/ashmu/ws_ros2/build/moveit_configs_utils/install.log'
[0.881s] Invoked command in '/home/ashmu/ws_ros2/src/moveit2/moveit_configs_utils' returned '0': PYTHONPATH=/home/ashmu/ws_ros2/build/moveit_configs_utils/prefix_override:/usr/lib/python3/dist-packages/colcon_core/task/python/colcon_distutils_commands:/home/ashmu/ws_ros2/install/moveit_configs_utils/lib/python3.10/site-packages:${PYTHONPATH} /usr/bin/python3 -W ignore:setup.py install is deprecated -W ignore:easy_install command is deprecated setup.py egg_info --egg-base ../../../build/moveit_configs_utils build --build-base /home/ashmu/ws_ros2/build/moveit_configs_utils/build install --record /home/ashmu/ws_ros2/build/moveit_configs_utils/install.log --single-version-externally-managed install_data --force
